{"level":30,"time":1778207027189,"pid":44764,"hostname":"DESKTOP-LKBR05S","req":{"id":1,"method":"GET","url":"/todos?page=1&limit=5","query":{"page":"1","limit":"5"},"params":{},"headers":{"user-agent":"Apifox/1.0.0 (https://apifox.com)","accept":"*/*","host":"localhost:3000","accept-encoding":"gzip, deflate, br","connection":"keep-alive"},"remoteAddress":"::1","remotePort":49829},"res":{"statusCode":200,"headers":{"x-powered-by":"Express","access-control-allow-origin":"*","ratelimit":"\"10-in-1sec\"; r=9; t=1","ratelimit-policy":"\"10-in-1sec\"; q=10; w=1; pk=:YmIwY2Q1MTM2YWU1:","content-type":"application/json; charset=utf-8","content-length":"466","etag":"W/\"1d2-zjkjliAsHErEyBYOuh1y5J1BuD4\""}},"responseTime":53,"msg":"request completed"}
{"level":30,"time":1778207315519,"pid":29648,"hostname":"DESKTOP-LKBR05S","req":{"id":1,"method":"POST","url":"/todos","query":{},"params":{},"headers":{"user-agent":"Apifox/1.0.0 (https://apifox.com)","content-type":"application/json","accept":"*/*","host":"localhost:3000","accept-encoding":"gzip, deflate, br","connection":"keep-alive","content-length":"256"},"remoteAddress":"::1","remotePort":62435,"body":{"id":17474028162401112,"title":"magenta","tag":"base","content":"Lee Ahhee (이아희) or known by her stage name Magenta (마젠타) is the second revealed member of the South Korean girl band QWER. She is the bassist of the band."}},"res":{"statusCode":200,"headers":{"x-powered-by":"Express","access-control-allow-origin":"*","ratelimit":"\"10-in-1sec\"; r=9; t=1","ratelimit-policy":"\"10-in-1sec\"; q=10; w=1; pk=:YmIwY2Q1MTM2YWU1:","content-type":"application/json; charset=utf-8","content-length":"279","etag":"W/\"117-HkDzf/H5j04+FG8zEXr/SbQS+a4\""}},"responseTime":54,"msg":"request completed"}
{"level":30,"time":1778211167530,"pid":50640,"hostname":"DESKTOP-LKBR05S","req":{"id":1,"method":"GET","url":"/","query":{},"params":{},"headers":{"host":"localhost:3000","connection":"keep-alive","sec-ch-ua":"\"Microsoft Edge\";v=\"147\", \"Not.A/Brand\";v=\"8\", \"Chromium\";v=\"147\"","sec-ch-ua-mobile":"?0","sec-ch-ua-platform":"\"Windows\"","upgrade-insecure-requests":"1","user-agent":"Mozilla/5.0 (Windows NT 10.0; Win64; x64) AppleWebKit/537.36 (KHTML, like Gecko) Chrome/147.0.0.0 Safari/537.36 Edg/147.0.0.0","accept":"text/html,application/xhtml+xml,application/xml;q=0.9,image/avif,image/webp,image/apng,*/*;q=0.8,application/signed-exchange;v=b3;q=0.7","sec-fetch-site":"none","sec-fetch-mode":"navigate","sec-fetch-user":"?1","sec-fetch-dest":"document","accept-encoding":"gzip, deflate, br, zstd","accept-language":"zh-CN,zh;q=0.9,en;q=0.8,en-GB;q=0.7,en-US;q=0.6"},"remoteAddress":"::1","remotePort":63369},"res":{"statusCode":404,"headers":{"x-powered-by":"Express","access-control-allow-origin":"*","ratelimit":"\"10-in-1sec\"; r=9; t=1","ratelimit-policy":"\"10-in-1sec\"; q=10; w=1; pk=:YmIwY2Q1MTM2YWU1:","content-security-policy":"default-src 'none'","x-content-type-options":"nosniff","content-type":"text/html; charset=utf-8","content-length":139}},"responseTime":3,"msg":"request completed"}
{"level":30,"time":1778215523911,"pid":50640,"hostname":"DESKTOP-LKBR05S","req":{"id":2,"method":"POST","url":"/todos","query":{},"params":{},"headers":{"user-agent":"Apifox/1.0.0 (https://apifox.com)","content-type":"application/json","accept":"*/*","host":"localhost:3000","accept-encoding":"gzip, deflate, br","connection":"keep-alive","content-length":"252"},"remoteAddress":"::1","remotePort":60887,"body":{"id":1747402816240,"title":"magenta","tag":"base","content":"Lee Ahhee (이아희) or known by her stage name Magenta (마젠타) is the second revealed member of the South Korean girl band QWER. She is the bassist of the band."}},"res":{"statusCode":500,"headers":{"x-powered-by":"Express","access-control-allow-origin":"*","ratelimit":"\"10-in-1sec\"; r=9; t=1","ratelimit-policy":"\"10-in-1sec\"; q=10; w=1; pk=:YmIwY2Q1MTM2YWU1:","content-security-policy":"default-src 'none'","x-content-type-options":"nosniff","content-type":"text/html; charset=utf-8","content-length":1840}},"err":{"type":"Error","message":"failed with status code 500","stack":"Error: failed with status code 500\n    at onResFinished (D:\\web\\my-project\\Learn-TS-FullStack\\Node\\with-database\\logger\\sequelize-pino-logger\\node_modules\\.pnpm\\pino-http@11.0.0\\node_modules\\pino-http\\logger.js:115:39)\n    at ServerResponse.onResponseComplete (D:\\web\\my-project\\Learn-TS-FullStack\\Node\\with-database\\logger\\sequelize-pino-logger\\node_modules\\.pnpm\\pino-http@11.0.0\\node_modules\\pino-http\\logger.js:178:14)\n    at ServerResponse.emit (node:events:519:35)\n    at onFinish (node:_http_outgoing:1023:10)\n    at callback (node:internal/streams/writable:764:21)\n    at afterWrite (node:internal/streams/writable:708:5)\n    at afterWriteTick (node:internal/streams/writable:694:10)\n    at process.processTicksAndRejections (node:internal/process/task_queues:89:21)"},"responseTime":44,"msg":"request errored"}
{"level":30,"time":1778215530757,"pid":50640,"hostname":"DESKTOP-LKBR05S","req":{"id":3,"method":"POST","url":"/todos","query":{},"params":{},"headers":{"user-agent":"Apifox/1.0.0 (https://apifox.com)","content-type":"application/json","accept":"*/*","host":"localhost:3000","accept-encoding":"gzip, deflate, br","connection":"keep-alive","content-length":"252"},"remoteAddress":"::1","remotePort":51495,"body":{"id":1747402816240,"title":"magenta","tag":"base","content":"Lee Ahhee (이아희) or known by her stage name Magenta (마젠타) is the second revealed member of the South Korean girl band QWER. She is the bassist of the band."}},"res":{"statusCode":500,"headers":{"x-powered-by":"Express","access-control-allow-origin":"*","ratelimit":"\"10-in-1sec\"; r=9; t=1","ratelimit-policy":"\"10-in-1sec\"; q=10; w=1; pk=:YmIwY2Q1MTM2YWU1:","content-security-policy":"default-src 'none'","x-content-type-options":"nosniff","content-type":"text/html; charset=utf-8","content-length":1840}},"err":{"type":"Error","message":"failed with status code 500","stack":"Error: failed with status code 500\n    at onResFinished (D:\\web\\my-project\\Learn-TS-FullStack\\Node\\with-database\\logger\\sequelize-pino-logger\\node_modules\\.pnpm\\pino-http@11.0.0\\node_modules\\pino-http\\logger.js:115:39)\n    at ServerResponse.onResponseComplete (D:\\web\\my-project\\Learn-TS-FullStack\\Node\\with-database\\logger\\sequelize-pino-logger\\node_modules\\.pnpm\\pino-http@11.0.0\\node_modules\\pino-http\\logger.js:178:14)\n    at ServerResponse.emit (node:events:519:35)\n    at onFinish (node:_http_outgoing:1023:10)\n    at callback (node:internal/streams/writable:764:21)\n    at afterWrite (node:internal/streams/writable:708:5)\n    at afterWriteTick (node:internal/streams/writable:694:10)\n    at process.processTicksAndRejections (node:internal/process/task_queues:89:21)"},"responseTime":4,"msg":"request errored"}
{"level":50,"time":1778216177825,"pid":24580,"hostname":"DESKTOP-LKBR05S","req":{"id":1,"method":"POST","url":"/todos","query":{},"params":{},"headers":{"user-agent":"Apifox/1.0.0 (https://apifox.com)","content-type":"application/json","accept":"*/*","host":"localhost:3000","accept-encoding":"gzip, deflate, br","connection":"keep-alive","content-length":"252"},"remoteAddress":"::1","remotePort":60958},"res":{"statusCode":500,"headers":{"x-powered-by":"Express","access-control-allow-origin":"*","ratelimit":"\"10-in-1sec\"; r=9; t=1","ratelimit-policy":"\"10-in-1sec\"; q=10; w=1; pk=:YmIwY2Q1MTM2YWU1:","content-security-policy":"default-src 'none'","x-content-type-options":"nosniff","content-type":"text/html; charset=utf-8","content-length":1840}},"err":{"type":"Error","message":"failed with status code 500","stack":"Error: failed with status code 500\n    at onResFinished (D:\\web\\my-project\\Learn-TS-FullStack\\Node\\with-database\\logger\\sequelize-pino-logger\\node_modules\\.pnpm\\pino-http@11.0.0\\node_modules\\pino-http\\logger.js:115:39)\n    at ServerResponse.onResponseComplete (D:\\web\\my-project\\Learn-TS-FullStack\\Node\\with-database\\logger\\sequelize-pino-logger\\node_modules\\.pnpm\\pino-http@11.0.0\\node_modules\\pino-http\\logger.js:178:14)\n    at ServerResponse.emit (node:events:519:35)\n    at onFinish (node:_http_outgoing:1023:10)\n    at callback (node:internal/streams/writable:764:21)\n    at afterWrite (node:internal/streams/writable:708:5)\n    at afterWriteTick (node:internal/streams/writable:694:10)\n    at process.processTicksAndRejections (node:internal/process/task_queues:89:21)"},"responseTime":73,"msg":"request errored"}
{"level":30,"time":1778217861900,"pid":49256,"hostname":"DESKTOP-LKBR05S","req":{"id":1,"method":"GET","url":"/todos?page=1&limit=5","query":{"page":"1","limit":"5"},"params":{},"headers":{"user-agent":"Apifox/1.0.0 (https://apifox.com)","accept":"*/*","host":"localhost:3000","accept-encoding":"gzip, deflate, br","connection":"keep-alive"},"remoteAddress":"::1","remotePort":61637},"res":{"statusCode":200,"headers":{"x-powered-by":"Express","access-control-allow-origin":"*","ratelimit":"\"10-in-1sec\"; r=9; t=1","ratelimit-policy":"\"10-in-1sec\"; q=10; w=1; pk=:YmIwY2Q1MTM2YWU1:","content-type":"application/json; charset=utf-8","content-length":"703","etag":"W/\"2bf-ziZll0qkZZVFdI6mFQUbkXtblKU\""},"body":[{"id":1,"title":"Hina","content":"Hina is youngest","tag":"daily"},{"id":2,"title":"siyeon","content":"Siyeon is the most hard member","tag":"work"},{"id":1747394632938,"title":"chodan","content":"The leader of QWER","tag":"Drummer"},{"id":1747402816240,"title":"magenta","content":"Lee Ahhee (이아희) or known by her stage name Magenta (마젠타) is the second revealed member of the South Korean girl band QWER. She is the bassist of the band.","tag":"base"},{"id":"17474028162401112","title":"magenta","content":"Lee Ahhee (이아희) or known by her stage name Magenta (마젠타) is the second revealed member of the South Korean girl band QWER. She is the bassist of the band.","tag":"base"}]},"responseTime":83,"msg":"request completed"}
{"level":30,"time":1778220109704,"pid":13972,"hostname":"DESKTOP-LKBR05S","req":{"id":1,"method":"GET","url":"/todos?page=1&limit=5","query":{"page":"1","limit":"5"},"params":{},"headers":{"user-agent":"Apifox/1.0.0 (https://apifox.com)","accept":"*/*","host":"localhost:3000","accept-encoding":"gzip, deflate, br","connection":"keep-alive"},"remoteAddress":"::1","remotePort":59347},"res":{"statusCode":200,"headers":{"x-powered-by":"Express","access-control-allow-origin":"*","ratelimit":"\"10-in-1sec\"; r=9; t=1","ratelimit-policy":"\"10-in-1sec\"; q=10; w=1; pk=:YmIwY2Q1MTM2YWU1:","content-type":"application/json; charset=utf-8","content-length":"703","etag":"W/\"2bf-ziZll0qkZZVFdI6mFQUbkXtblKU\""},"body":[{"id":1,"title":"Hina","content":"Hina is youngest","tag":"daily"},{"id":2,"title":"siyeon","content":"Siyeon is the most hard member","tag":"work"},{"id":1747394632938,"title":"chodan","content":"The leader of QWER","tag":"Drummer"},{"id":1747402816240,"title":"magenta","content":"Lee Ahhee (이아희) or known by her stage name Magenta (마젠타) is the second revealed member of the South Korean girl band QWER. She is the bassist of the band.","tag":"base"},{"id":"17474028162401112","title":"magenta","content":"Lee Ahhee (이아희) or known by her stage name Magenta (마젠타) is the second revealed member of the South Korean girl band QWER. She is the bassist of the band.","tag":"base"}]},"responseTime":75,"msg":"request completed"}
{"level":30,"time":1778222158196,"pid":14000,"hostname":"DESKTOP-LKBR05S","msg":"Connection has been established successfully."}
{"level":30,"time":1778222286834,"pid":5928,"hostname":"DESKTOP-LKBR05S","msg":"Connection has been established successfully."}
{"level":30,"time":1778222290345,"pid":12476,"hostname":"DESKTOP-LKBR05S","msg":"Connection has been established successfully."}
{"level":50,"time":1778222583615,"pid":52112,"hostname":"DESKTOP-LKBR05S","msg":"Unable to connect to the database: SequelizeAccessDeniedError: Access denied for user 'root'@'localhost' (using password: YES)"}
{"level":50,"time":1778222622955,"pid":32112,"hostname":"DESKTOP-LKBR05S","msg":"Unable to connect to the database: SequelizeAccessDeniedError: Access denied for user 'root'@'localhost' (using password: YES)"}
{"level":30,"time":1778224273250,"pid":43924,"hostname":"DESKTOP-LKBR05S","msg":"Connection has been established successfully."}
{"level":30,"time":1778225542592,"pid":26980,"hostname":"DESKTOP-LKBR05S","msg":"Connection has been established successfully."}
{"level":30,"time":1778225555419,"pid":48856,"hostname":"DESKTOP-LKBR05S","msg":"Connection has been established successfully."}
{"level":30,"time":1778225580985,"pid":31300,"hostname":"DESKTOP-LKBR05S","msg":"Connection has been established successfully."}
{"level":30,"time":1778225583824,"pid":15728,"hostname":"DESKTOP-LKBR05S","msg":"Connection has been established successfully."}
{"level":30,"time":1778225590095,"pid":50124,"hostname":"DESKTOP-LKBR05S","msg":"Connection has been established successfully."}
{"level":30,"time":1778225619539,"pid":44856,"hostname":"DESKTOP-LKBR05S","msg":"Connection has been established successfully."}
{"level":30,"time":1778225731837,"pid":15668,"hostname":"DESKTOP-LKBR05S","msg":"Connection has been established successfully."}
{"level":30,"time":1778225900955,"pid":42380,"hostname":"DESKTOP-LKBR05S","msg":"Connection has been established successfully."}
{"level":30,"time":1778225904924,"pid":50680,"hostname":"DESKTOP-LKBR05S","msg":"Connection has been established successfully."}
{"level":30,"time":1778225959325,"pid":3296,"hostname":"DESKTOP-LKBR05S","msg":"Connection has been established successfully."}
{"level":30,"time":1778225989420,"pid":16824,"hostname":"DESKTOP-LKBR05S","msg":"Connection has been established successfully."}
{"level":30,"time":1778226035304,"pid":48912,"hostname":"DESKTOP-LKBR05S","msg":"Connection has been established successfully."}
{"level":30,"time":1778226055468,"pid":50044,"hostname":"DESKTOP-LKBR05S","msg":"Connection has been established successfully."}
{"level":30,"time":1778226082467,"pid":16516,"hostname":"DESKTOP-LKBR05S","msg":"Connection has been established successfully."}
{"level":30,"time":1778226101581,"pid":27656,"hostname":"DESKTOP-LKBR05S","msg":"Connection has been established successfully."}
{"level":30,"time":1778226113595,"pid":7728,"hostname":"DESKTOP-LKBR05S","msg":"Connection has been established successfully."}
{"level":30,"time":1778228319871,"pid":52080,"hostname":"DESKTOP-LKBR05S","msg":"Connection has been established successfully."}
{"level":30,"time":1778228352106,"pid":28424,"hostname":"DESKTOP-LKBR05S","msg":"Connection has been established successfully."}
{"level":30,"time":1778228365684,"pid":3880,"hostname":"DESKTOP-LKBR05S","msg":"Connection has been established successfully."}
{"level":30,"time":1778228391445,"pid":34560,"hostname":"DESKTOP-LKBR05S","msg":"Connection has been established successfully."}
{"level":30,"time":1778228402101,"pid":46400,"hostname":"DESKTOP-LKBR05S","msg":"Connection has been established successfully."}
{"level":30,"time":1778228415581,"pid":3892,"hostname":"DESKTOP-LKBR05S","msg":"Connection has been established successfully."}
{"level":30,"time":1778228434087,"pid":43180,"hostname":"DESKTOP-LKBR05S","msg":"Connection has been established successfully."}
{"level":30,"time":1778228438522,"pid":7728,"hostname":"DESKTOP-LKBR05S","msg":"Connection has been established successfully."}
{"level":30,"time":1778228461186,"pid":47916,"hostname":"DESKTOP-LKBR05S","msg":"Connection has been established successfully."}
{"level":30,"time":1778228464469,"pid":43200,"hostname":"DESKTOP-LKBR05S","msg":"Connection has been established successfully."}
{"level":30,"time":1778228487867,"pid":43780,"hostname":"DESKTOP-LKBR05S","msg":"Connection has been established successfully."}
{"level":30,"time":1778228509044,"pid":41688,"hostname":"DESKTOP-LKBR05S","msg":"Connection has been established successfully."}
{"level":30,"time":1778228522042,"pid":7720,"hostname":"DESKTOP-LKBR05S","msg":"Connection has been established successfully."}
{"level":30,"time":1778228548189,"pid":38720,"hostname":"DESKTOP-LKBR05S","msg":"Connection has been established successfully."}
{"level":30,"time":1778229281259,"pid":48372,"hostname":"DESKTOP-LKBR05S","msg":"Connection has been established successfully."}
{"level":30,"time":1778229533804,"pid":43388,"hostname":"DESKTOP-LKBR05S","msg":"Connection has been established successfully."}
{"level":30,"time":1778229550442,"pid":39612,"hostname":"DESKTOP-LKBR05S","msg":"Connection has been established successfully."}
{"level":30,"time":1778229568696,"pid":41144,"hostname":"DESKTOP-LKBR05S","msg":"Connection has been established successfully."}
{"level":30,"time":1778229598152,"pid":51440,"hostname":"DESKTOP-LKBR05S","msg":"Connection has been established successfully."}
{"level":30,"time":1778229614001,"pid":44264,"hostname":"DESKTOP-LKBR05S","msg":"Connection has been established successfully."}
{"level":30,"time":1778229675419,"pid":6112,"hostname":"DESKTOP-LKBR05S","msg":"Connection has been established successfully."}
{"level":30,"time":1778232027046,"pid":46000,"hostname":"DESKTOP-LKBR05S","msg":"Connection has been established successfully."}
{"level":30,"time":1778232144910,"pid":47272,"hostname":"DESKTOP-LKBR05S","msg":"Connection has been established successfully."}
{"level":30,"time":1778232168657,"pid":25284,"hostname":"DESKTOP-LKBR05S","msg":"Connection has been established successfully."}
{"level":30,"time":1778232179442,"pid":29928,"hostname":"DESKTOP-LKBR05S","msg":"Connection has been established successfully."}
{"level":30,"time":1778232217120,"pid":13148,"hostname":"DESKTOP-LKBR05S","msg":"Connection has been established successfully."}
{"level":30,"time":1778232266779,"pid":38096,"hostname":"DESKTOP-LKBR05S","msg":"Connection has been established successfully."}
{"level":30,"time":1778232428012,"pid":42560,"hostname":"DESKTOP-LKBR05S","msg":"Connection has been established successfully."}
{"level":30,"time":1778232452096,"pid":47376,"hostname":"DESKTOP-LKBR05S","msg":"Connection has been established successfully."}
{"level":30,"time":1778232483670,"pid":51732,"hostname":"DESKTOP-LKBR05S","msg":"Connection has been established successfully."}
{"level":30,"time":1778232524476,"pid":48636,"hostname":"DESKTOP-LKBR05S","msg":"Connection has been established successfully."}
{"level":30,"time":1778232573248,"pid":40428,"hostname":"DESKTOP-LKBR05S","msg":"Connection has been established successfully."}
{"level":30,"time":1778232813050,"pid":25552,"hostname":"DESKTOP-LKBR05S","msg":"Connection has been established successfully."}
{"level":30,"time":1778232822753,"pid":42272,"hostname":"DESKTOP-LKBR05S","msg":"Connection has been established successfully."}
{"level":30,"time":1778232888412,"pid":34308,"hostname":"DESKTOP-LKBR05S","msg":"Connection has been established successfully."}
{"level":30,"time":1778232923427,"pid":50644,"hostname":"DESKTOP-LKBR05S","msg":"Connection has been established successfully."}
{"level":30,"time":1778232948421,"pid":42764,"hostname":"DESKTOP-LKBR05S","msg":"Connection has been established successfully."}
{"level":30,"time":1778232981990,"pid":22556,"hostname":"DESKTOP-LKBR05S","msg":"Connection has been established successfully."}
{"level":30,"time":1778233048373,"pid":38996,"hostname":"DESKTOP-LKBR05S","msg":"Connection has been established successfully."}
{"level":30,"time":1778233081598,"pid":36964,"hostname":"DESKTOP-LKBR05S","msg":"Connection has been established successfully."}
{"level":30,"time":1778233132024,"pid":42156,"hostname":"DESKTOP-LKBR05S","msg":"Connection has been established successfully."}
{"level":30,"time":1778233155993,"pid":24044,"hostname":"DESKTOP-LKBR05S","msg":"Connection has been established successfully."}
{"level":30,"time":1778233163974,"pid":42360,"hostname":"DESKTOP-LKBR05S","msg":"Connection has been established successfully."}
{"level":30,"time":1778233176155,"pid":21276,"hostname":"DESKTOP-LKBR05S","msg":"Connection has been established successfully."}
{"level":30,"time":1778233184450,"pid":31816,"hostname":"DESKTOP-LKBR05S","msg":"Connection has been established successfully."}
{"level":30,"time":1778233185728,"pid":42964,"hostname":"DESKTOP-LKBR05S","msg":"Connection has been established successfully."}
{"level":30,"time":1778233303780,"pid":28408,"hostname":"DESKTOP-LKBR05S","msg":"Connection has been established successfully."}
{"level":30,"time":1778233304856,"pid":49048,"hostname":"DESKTOP-LKBR05S","msg":"Connection has been established successfully."}
{"level":30,"time":1778233338412,"pid":11112,"hostname":"DESKTOP-LKBR05S","msg":"Connection has been established successfully."}
{"level":30,"time":1778233668309,"pid":5828,"hostname":"DESKTOP-LKBR05S","msg":"Connection has been established successfully."}
{"level":30,"time":1778233671537,"pid":31404,"hostname":"DESKTOP-LKBR05S","msg":"Connection has been established successfully."}
{"level":30,"time":1778233725846,"pid":47876,"hostname":"DESKTOP-LKBR05S","msg":"Connection has been established successfully."}
{"level":30,"time":1778233728889,"pid":30516,"hostname":"DESKTOP-LKBR05S","msg":"Connection has been established successfully."}
{"level":30,"time":1778234096776,"pid":2388,"hostname":"DESKTOP-LKBR05S","msg":"Connection has been established successfully."}
{"level":30,"time":1778234495682,"pid":40020,"hostname":"DESKTOP-LKBR05S","msg":"Connection has been established successfully."}
{"level":30,"time":1778234563180,"pid":20540,"hostname":"DESKTOP-LKBR05S","msg":"Connection has been established successfully."}
{"level":30,"time":1778234641045,"pid":5436,"hostname":"DESKTOP-LKBR05S","msg":"Connection has been established successfully."}
{"level":30,"time":1778234754289,"pid":4888,"hostname":"DESKTOP-LKBR05S","msg":"Connection has been established successfully."}
{"level":30,"time":1778234792563,"pid":49036,"hostname":"DESKTOP-LKBR05S","msg":"Connection has been established successfully."}
{"level":30,"time":1778303945637,"pid":50920,"hostname":"DESKTOP-LKBR05S","msg":"Connection has been established successfully."}
{"level":30,"time":1778303965392,"pid":14684,"hostname":"DESKTOP-LKBR05S","msg":"Connection has been established successfully."}
{"level":30,"time":1778306572446,"pid":52032,"hostname":"DESKTOP-LKBR05S","msg":"Connection has been established successfully."}
{"level":30,"time":1778306615094,"pid":42848,"hostname":"DESKTOP-LKBR05S","msg":"Connection has been established successfully."}
{"level":30,"time":1778306622780,"pid":6684,"hostname":"DESKTOP-LKBR05S","msg":"Connection has been established successfully."}
{"level":30,"time":1778306719228,"pid":17600,"hostname":"DESKTOP-LKBR05S","msg":"Connection has been established successfully."}
{"level":30,"time":1778307008316,"pid":17600,"hostname":"DESKTOP-LKBR05S","msg":"Connection has been established successfully."}
{"level":30,"time":1778307015846,"pid":50496,"hostname":"DESKTOP-LKBR05S","msg":"Connection has been established successfully."}
{"level":30,"time":1778307032757,"pid":33128,"hostname":"DESKTOP-LKBR05S","msg":"Connection has been established successfully."}
{"level":30,"time":1778307062906,"pid":29500,"hostname":"DESKTOP-LKBR05S","msg":"Connection has been established successfully."}
{"level":30,"time":1778307161660,"pid":26820,"hostname":"DESKTOP-LKBR05S","msg":"Connection has been established successfully."}
{"level":30,"time":1778307183389,"pid":51540,"hostname":"DESKTOP-LKBR05S","msg":"Connection has been established successfully."}
{"level":30,"time":1778307200875,"pid":51192,"hostname":"DESKTOP-LKBR05S","msg":"Connection has been established successfully."}
{"level":30,"time":1778307210767,"pid":50100,"hostname":"DESKTOP-LKBR05S","msg":"Connection has been established successfully."}
{"level":30,"time":1778307211271,"pid":31296,"hostname":"DESKTOP-LKBR05S","msg":"Connection has been established successfully."}
{"level":30,"time":1778307236595,"pid":13936,"hostname":"DESKTOP-LKBR05S","msg":"Connection has been established successfully."}
{"level":30,"time":1778307250139,"pid":44804,"hostname":"DESKTOP-LKBR05S","msg":"Connection has been established successfully."}
{"level":30,"time":1778307278453,"pid":9192,"hostname":"DESKTOP-LKBR05S","msg":"Connection has been established successfully."}
{"level":30,"time":1778307294611,"pid":23064,"hostname":"DESKTOP-LKBR05S","msg":"Connection has been established successfully."}
{"level":30,"time":1778307564080,"pid":23504,"hostname":"DESKTOP-LKBR05S","msg":"Connection has been established successfully."}
{"level":30,"time":1778307675833,"pid":580,"hostname":"DESKTOP-LKBR05S","msg":"Connection has been established successfully."}
{"level":30,"time":1778307676501,"pid":22212,"hostname":"DESKTOP-LKBR05S","msg":"Connection has been established successfully."}
{"level":30,"time":1778307677124,"pid":20704,"hostname":"DESKTOP-LKBR05S","msg":"Connection has been established successfully."}
{"level":30,"time":1778307736895,"pid":47560,"hostname":"DESKTOP-LKBR05S","msg":"Connection has been established successfully."}
{"level":30,"time":1778307737385,"pid":21484,"hostname":"DESKTOP-LKBR05S","msg":"Connection has been established successfully."}
{"level":30,"time":1778307800073,"pid":11832,"hostname":"DESKTOP-LKBR05S","msg":"Connection has been established successfully."}
{"level":30,"time":1778307800628,"pid":23296,"hostname":"DESKTOP-LKBR05S","msg":"Connection has been established successfully."}
{"level":30,"time":1778307829524,"pid":36576,"hostname":"DESKTOP-LKBR05S","msg":"Connection has been established successfully."}
{"level":30,"time":1778307830031,"pid":35632,"hostname":"DESKTOP-LKBR05S","msg":"Connection has been established successfully."}
{"level":30,"time":1778308341390,"pid":47016,"hostname":"DESKTOP-LKBR05S","msg":"Connection has been established successfully."}
{"level":30,"time":1778308341893,"pid":2304,"hostname":"DESKTOP-LKBR05S","msg":"Connection has been established successfully."}
{"level":30,"time":1778308368097,"pid":16744,"hostname":"DESKTOP-LKBR05S","msg":"Connection has been established successfully."}
{"level":30,"time":1778308368664,"pid":45848,"hostname":"DESKTOP-LKBR05S","msg":"Connection has been established successfully."}
{"level":30,"time":1778308391592,"pid":45236,"hostname":"DESKTOP-LKBR05S","msg":"Connection has been established successfully."}
{"level":30,"time":1778308392086,"pid":36108,"hostname":"DESKTOP-LKBR05S","msg":"Connection has been established successfully."}
{"level":30,"time":1778308418715,"pid":36060,"hostname":"DESKTOP-LKBR05S","msg":"Connection has been established successfully."}
{"level":30,"time":1778308419178,"pid":47316,"hostname":"DESKTOP-LKBR05S","msg":"Connection has been established successfully."}
{"level":30,"time":1778308443840,"pid":45700,"hostname":"DESKTOP-LKBR05S","msg":"Connection has been established successfully."}
{"level":30,"time":1778308444475,"pid":45976,"hostname":"DESKTOP-LKBR05S","msg":"Connection has been established successfully."}
{"level":30,"time":1778308452234,"pid":36436,"hostname":"DESKTOP-LKBR05S","msg":"Connection has been established successfully."}
{"level":30,"time":1778308452730,"pid":45772,"hostname":"DESKTOP-LKBR05S","msg":"Connection has been established successfully."}
{"level":30,"time":1778308482622,"pid":12816,"hostname":"DESKTOP-LKBR05S","msg":"Connection has been established successfully."}
{"level":30,"time":1778308483271,"pid":6432,"hostname":"DESKTOP-LKBR05S","msg":"Connection has been established successfully."}
{"level":30,"time":1778308489924,"pid":31036,"hostname":"DESKTOP-LKBR05S","msg":"Connection has been established successfully."}
{"level":30,"time":1778308490372,"pid":43812,"hostname":"DESKTOP-LKBR05S","msg":"Connection has been established successfully."}
{"level":30,"time":1778308494166,"pid":15980,"hostname":"DESKTOP-LKBR05S","msg":"Connection has been established successfully."}
{"level":30,"time":1778308494703,"pid":33696,"hostname":"DESKTOP-LKBR05S","msg":"Connection has been established successfully."}
{"level":30,"time":1778308511359,"pid":46420,"hostname":"DESKTOP-LKBR05S","msg":"Connection has been established successfully."}
{"level":30,"time":1778308511839,"pid":23252,"hostname":"DESKTOP-LKBR05S","msg":"Connection has been established successfully."}
